2023/12/21 16:28:48.231 [I] [asm_amd64.s:1373]  http server Running on http://:8080
2023/12/21 16:28:49.459 [M] [router.go:833]  这是Emergency日志
2023/12/21 16:28:49.459 [A] [router.go:833]  这是Alert日志
2023/12/21 16:28:49.459 [C] [router.go:833]  这是Critical日志
2023/12/21 16:28:49.459 [E] [router.go:833]  这是Error日志
2023/12/21 16:28:49.459 [W] [router.go:833]  这是Warn日志
2023/12/21 16:28:49.460 [N] [router.go:833]  这是Notice日志
2023/12/21 16:28:49.460 [I] [router.go:833]  这是Info日志
2023/12/21 16:28:49.460 [D] [router.go:833]  这是DeBug日志
2023/12/21 16:28:49.460 [D] [server.go:2807]  |      127.0.0.1|[97;42m 200 [0m|    941.177µs|   match|[97;44m GET     [0m /logs   r:/logs
2023/12/21 16:30:46.545 [I] [asm_amd64.s:1373]  http server Running on http://:8080
2023/12/21 16:48:08.824 [C] [panic.go:969]  the request url is  /login
2023/12/21 16:48:08.824 [C] [panic.go:969]  Handler crashed with error can't find templatefile in the path:views/user_model/user_model.html
2023/12/21 16:48:08.824 [C] [panic.go:969]  /usr/local/go/src/runtime/panic.go:969
2023/12/21 16:48:08.824 [C] [panic.go:969]  /home/dousha/BeeGo/vendor/github.com/astaxie/beego/template.go:75
2023/12/21 16:48:08.824 [C] [panic.go:969]  /home/dousha/BeeGo/vendor/github.com/astaxie/beego/controller.go:306
2023/12/21 16:48:08.824 [C] [panic.go:969]  /home/dousha/BeeGo/vendor/github.com/astaxie/beego/controller.go:257
2023/12/21 16:48:08.824 [C] [panic.go:969]  /home/dousha/BeeGo/vendor/github.com/astaxie/beego/controller.go:237
2023/12/21 16:48:08.824 [C] [panic.go:969]  /home/dousha/BeeGo/vendor/github.com/astaxie/beego/router.go:865
2023/12/21 16:48:08.825 [C] [panic.go:969]  /usr/local/go/src/net/http/server.go:2807
2023/12/21 16:48:08.825 [C] [panic.go:969]  /usr/local/go/src/net/http/server.go:1895
2023/12/21 16:48:08.825 [C] [panic.go:969]  /usr/local/go/src/runtime/asm_amd64.s:1373
2023/12/21 16:48:08.825 [server.go:3059]  [HTTP] http: superfluous response.WriteHeader call from github.com/astaxie/beego/context.(*Response).WriteHeader (context.go:230)
2023/12/21 16:49:35.019 [I] [asm_amd64.s:1373]  http server Running on http://:8080
2023/12/21 16:49:38.617 [C] [panic.go:969]  the request url is  /login
2023/12/21 16:49:38.617 [C] [panic.go:969]  Handler crashed with error can't find templatefile in the path:views/user_model/user_model.html
2023/12/21 16:49:38.619 [C] [panic.go:969]  /usr/local/go/src/runtime/panic.go:969
2023/12/21 16:49:38.619 [C] [panic.go:969]  /home/dousha/BeeGo/vendor/github.com/astaxie/beego/template.go:75
2023/12/21 16:49:38.619 [C] [panic.go:969]  /home/dousha/BeeGo/vendor/github.com/astaxie/beego/controller.go:306
2023/12/21 16:49:38.619 [C] [panic.go:969]  /home/dousha/BeeGo/vendor/github.com/astaxie/beego/controller.go:257
2023/12/21 16:49:38.619 [C] [panic.go:969]  /home/dousha/BeeGo/vendor/github.com/astaxie/beego/controller.go:237
2023/12/21 16:49:38.619 [C] [panic.go:969]  /home/dousha/BeeGo/vendor/github.com/astaxie/beego/router.go:865
2023/12/21 16:49:38.619 [C] [panic.go:969]  /usr/local/go/src/net/http/server.go:2807
2023/12/21 16:49:38.619 [C] [panic.go:969]  /usr/local/go/src/net/http/server.go:1895
2023/12/21 16:49:38.619 [C] [panic.go:969]  /usr/local/go/src/runtime/asm_amd64.s:1373
2023/12/21 16:49:38.620 [server.go:3059]  [HTTP] http: superfluous response.WriteHeader call from github.com/astaxie/beego/context.(*Response).WriteHeader (context.go:230)
2023/12/21 16:49:49.200 [D] [server.go:2807]  |      127.0.0.1|[97;43m 404 [0m|    112.319µs| nomatch|[97;44m GET     [0m /Login
2023/12/21 16:50:16.959 [C] [panic.go:969]  the request url is  /login
2023/12/21 16:50:16.959 [C] [panic.go:969]  Handler crashed with error can't find templatefile in the path:views/user_model/user_model.html
2023/12/21 16:50:16.959 [C] [panic.go:969]  /usr/local/go/src/runtime/panic.go:969
2023/12/21 16:50:16.959 [C] [panic.go:969]  /home/dousha/BeeGo/vendor/github.com/astaxie/beego/template.go:75
2023/12/21 16:50:16.959 [C] [panic.go:969]  /home/dousha/BeeGo/vendor/github.com/astaxie/beego/controller.go:306
2023/12/21 16:50:16.959 [C] [panic.go:969]  /home/dousha/BeeGo/vendor/github.com/astaxie/beego/controller.go:257
2023/12/21 16:50:16.959 [C] [panic.go:969]  /home/dousha/BeeGo/vendor/github.com/astaxie/beego/controller.go:237
2023/12/21 16:50:16.959 [C] [panic.go:969]  /home/dousha/BeeGo/vendor/github.com/astaxie/beego/router.go:865
2023/12/21 16:50:16.959 [C] [panic.go:969]  /usr/local/go/src/net/http/server.go:2807
2023/12/21 16:50:16.959 [C] [panic.go:969]  /usr/local/go/src/net/http/server.go:1895
2023/12/21 16:50:16.959 [C] [panic.go:969]  /usr/local/go/src/runtime/asm_amd64.s:1373
2023/12/21 16:50:16.959 [server.go:3059]  [HTTP] http: superfluous response.WriteHeader call from github.com/astaxie/beego/context.(*Response).WriteHeader (context.go:230)
2023/12/21 16:51:16.865 [C] [panic.go:969]  the request url is  /login
2023/12/21 16:51:16.865 [C] [panic.go:969]  Handler crashed with error can't find templatefile in the path:views/user_model/user_model.html
2023/12/21 16:51:16.865 [C] [panic.go:969]  /usr/local/go/src/runtime/panic.go:969
2023/12/21 16:51:16.865 [C] [panic.go:969]  /home/dousha/BeeGo/vendor/github.com/astaxie/beego/template.go:75
2023/12/21 16:51:16.865 [C] [panic.go:969]  /home/dousha/BeeGo/vendor/github.com/astaxie/beego/controller.go:306
2023/12/21 16:51:16.865 [C] [panic.go:969]  /home/dousha/BeeGo/vendor/github.com/astaxie/beego/controller.go:257
2023/12/21 16:51:16.865 [C] [panic.go:969]  /home/dousha/BeeGo/vendor/github.com/astaxie/beego/controller.go:237
2023/12/21 16:51:16.870 [C] [panic.go:969]  /home/dousha/BeeGo/vendor/github.com/astaxie/beego/router.go:865
2023/12/21 16:51:16.870 [C] [panic.go:969]  /usr/local/go/src/net/http/server.go:2807
2023/12/21 16:51:16.870 [C] [panic.go:969]  /usr/local/go/src/net/http/server.go:1895
2023/12/21 16:51:16.870 [C] [panic.go:969]  /usr/local/go/src/runtime/asm_amd64.s:1373
2023/12/21 16:51:16.871 [server.go:3059]  [HTTP] http: superfluous response.WriteHeader call from github.com/astaxie/beego/context.(*Response).WriteHeader (context.go:230)
2023/12/21 16:51:18.345 [I] [asm_amd64.s:1373]  http server Running on http://:8080
2023/12/21 16:51:22.431 [I] [asm_amd64.s:1373]  http server Running on http://:8080
2023/12/21 16:51:24.273 [D] [server.go:2807]  |      127.0.0.1|[97;42m 200 [0m|    392.512µs|   match|[97;44m GET     [0m /login   r:/login
2023/12/21 16:52:52.493 [D] [server.go:2807]  |      127.0.0.1|[97;42m 200 [0m|    309.009µs|   match|[97;44m GET     [0m /login   r:/login
2023/12/21 16:52:58.057 [D] [server.go:2807]  |      127.0.0.1|[97;42m 200 [0m|     75.083µs|   match|[97;46m POST    [0m /add_user   r:/add_user
